<?xml version="1.0" encoding="UTF-8"?>
<coverage generated="1541292196752" clover="3.2.0">
  <project timestamp="1541292196752" name="All files">
    <metrics statements="37" coveredstatements="29" conditionals="8" coveredconditionals="4" methods="24" coveredmethods="18" elements="69" coveredelements="51" complexity="0" loc="37" ncloc="37" packages="2" files="5" classes="5">
      <package name="client.components">
        <metrics statements="36" coveredstatements="28" conditionals="8" coveredconditionals="4" methods="24" coveredmethods="18"/>
        <file name="app.jsx" path="/Users/victor/Desktop/wander-lodge/client/components/app.jsx">
          <metrics statements="22" coveredstatements="16" conditionals="6" coveredconditionals="3" methods="14" coveredmethods="10"/>
          <line num="8" count="11" type="stmt"/>
          <line num="10" count="11" type="stmt"/>
          <line num="45" count="11" type="stmt"/>
          <line num="46" count="11" type="stmt"/>
          <line num="47" count="11" type="stmt"/>
          <line num="48" count="11" type="stmt"/>
          <line num="52" count="1" type="cond" truecount="1" falsecount="1"/>
          <line num="53" count="0" type="stmt"/>
          <line num="58" count="1" type="stmt"/>
          <line num="64" count="1" type="cond" truecount="1" falsecount="1"/>
          <line num="65" count="1" type="stmt"/>
          <line num="70" count="0" type="stmt"/>
          <line num="76" count="6" type="stmt"/>
          <line num="80" count="0" type="stmt"/>
          <line num="84" count="6" type="stmt"/>
          <line num="86" count="0" type="stmt"/>
          <line num="89" count="0" type="stmt"/>
          <line num="91" count="6" type="cond" truecount="1" falsecount="1"/>
          <line num="95" count="6" type="stmt"/>
          <line num="97" count="6" type="stmt"/>
          <line num="98" count="0" type="stmt"/>
          <line num="103" count="19" type="stmt"/>
        </file>
        <file name="newModal.jsx" path="/Users/victor/Desktop/wander-lodge/client/components/newModal.jsx">
          <metrics statements="4" coveredstatements="3" conditionals="2" coveredconditionals="1" methods="2" coveredmethods="1"/>
          <line num="6" count="1" type="cond" truecount="1" falsecount="1"/>
          <line num="8" count="1" type="stmt"/>
          <line num="9" count="12" type="stmt"/>
          <line num="24" count="0" type="stmt"/>
        </file>
        <file name="photoGrid.jsx" path="/Users/victor/Desktop/wander-lodge/client/components/photoGrid.jsx">
          <metrics statements="8" coveredstatements="7" conditionals="0" coveredconditionals="0" methods="7" coveredmethods="6"/>
          <line num="3" count="1" type="stmt"/>
          <line num="5" count="16" type="stmt"/>
          <line num="8" count="1" type="stmt"/>
          <line num="11" count="1" type="stmt"/>
          <line num="14" count="1" type="stmt"/>
          <line num="17" count="1" type="stmt"/>
          <line num="20" count="0" type="stmt"/>
          <line num="21" count="1" type="stmt"/>
        </file>
        <file name="slideshow.jsx" path="/Users/victor/Desktop/wander-lodge/client/components/slideshow.jsx">
          <metrics statements="2" coveredstatements="2" conditionals="0" coveredconditionals="0" methods="1" coveredmethods="1"/>
          <line num="3" count="1" type="stmt"/>
          <line num="4" count="7" type="stmt"/>
        </file>
      </package>
      <package name="tests">
        <metrics statements="1" coveredstatements="1" conditionals="0" coveredconditionals="0" methods="0" coveredmethods="0"/>
        <file name="setupTests.js" path="/Users/victor/Desktop/wander-lodge/tests/setupTests.js">
          <metrics statements="1" coveredstatements="1" conditionals="0" coveredconditionals="0" methods="0" coveredmethods="0"/>
          <line num="5" count="1" type="stmt"/>
        </file>
      </package>
    </metrics>
  </project>
</coverage>
