{"/Users/victor/Desktop/wander-lodge/client/components/app.jsx": {"path":"/Users/victor/Desktop/wander-lodge/client/components/app.jsx","statementMap":{"0":{"start":{"line":8,"column":4},"end":{"line":8,"column":17}},"1":{"start":{"line":10,"column":4},"end":{"line":43,"column":6}},"2":{"start":{"line":45,"column":4},"end":{"line":45,"column":47}},"3":{"start":{"line":46,"column":4},"end":{"line":46,"column":49}},"4":{"start":{"line":47,"column":4},"end":{"line":47,"column":47}},"5":{"start":{"line":48,"column":4},"end":{"line":48,"column":47}},"6":{"start":{"line":52,"column":4},"end":{"line":56,"column":5}},"7":{"start":{"line":53,"column":6},"end":{"line":55,"column":9}},"8":{"start":{"line":58,"column":4},"end":{"line":60,"column":8}},"9":{"start":{"line":58,"column":32},"end":{"line":60,"column":5}},"10":{"start":{"line":64,"column":4},"end":{"line":68,"column":5}},"11":{"start":{"line":65,"column":6},"end":{"line":67,"column":9}},"12":{"start":{"line":70,"column":4},"end":{"line":72,"column":8}},"13":{"start":{"line":70,"column":32},"end":{"line":72,"column":5}},"14":{"start":{"line":76,"column":4},"end":{"line":76,"column":39}},"15":{"start":{"line":80,"column":4},"end":{"line":80,"column":40}},"16":{"start":{"line":84,"column":4},"end":{"line":91,"column":49}},"17":{"start":{"line":86,"column":8},"end":{"line":86,"column":31}},"18":{"start":{"line":89,"column":8},"end":{"line":89,"column":38}},"19":{"start":{"line":91,"column":21},"end":{"line":91,"column":46}},"20":{"start":{"line":91,"column":30},"end":{"line":91,"column":46}},"21":{"start":{"line":95,"column":4},"end":{"line":99,"column":9}},"22":{"start":{"line":97,"column":8},"end":{"line":97,"column":51}},"23":{"start":{"line":98,"column":8},"end":{"line":98,"column":25}},"24":{"start":{"line":103,"column":4},"end":{"line":116,"column":6}}},"fnMap":{"0":{"name":"(anonymous_0)","decl":{"start":{"line":7,"column":2},"end":{"line":7,"column":3}},"loc":{"start":{"line":7,"column":21},"end":{"line":49,"column":3}},"line":7},"1":{"name":"(anonymous_1)","decl":{"start":{"line":51,"column":2},"end":{"line":51,"column":3}},"loc":{"start":{"line":51,"column":14},"end":{"line":61,"column":3}},"line":51},"2":{"name":"(anonymous_2)","decl":{"start":{"line":58,"column":18},"end":{"line":58,"column":19}},"loc":{"start":{"line":58,"column":32},"end":{"line":60,"column":5}},"line":58},"3":{"name":"(anonymous_3)","decl":{"start":{"line":63,"column":2},"end":{"line":63,"column":3}},"loc":{"start":{"line":63,"column":14},"end":{"line":73,"column":3}},"line":63},"4":{"name":"(anonymous_4)","decl":{"start":{"line":70,"column":18},"end":{"line":70,"column":19}},"loc":{"start":{"line":70,"column":32},"end":{"line":72,"column":5}},"line":70},"5":{"name":"(anonymous_5)","decl":{"start":{"line":75,"column":2},"end":{"line":75,"column":3}},"loc":{"start":{"line":75,"column":14},"end":{"line":77,"column":3}},"line":75},"6":{"name":"(anonymous_6)","decl":{"start":{"line":79,"column":2},"end":{"line":79,"column":3}},"loc":{"start":{"line":79,"column":15},"end":{"line":81,"column":3}},"line":79},"7":{"name":"(anonymous_7)","decl":{"start":{"line":83,"column":2},"end":{"line":83,"column":3}},"loc":{"start":{"line":83,"column":17},"end":{"line":92,"column":3}},"line":83},"8":{"name":"(anonymous_8)","decl":{"start":{"line":85,"column":13},"end":{"line":85,"column":14}},"loc":{"start":{"line":85,"column":32},"end":{"line":87,"column":7}},"line":85},"9":{"name":"(anonymous_9)","decl":{"start":{"line":88,"column":13},"end":{"line":88,"column":14}},"loc":{"start":{"line":88,"column":30},"end":{"line":90,"column":7}},"line":88},"10":{"name":"(anonymous_10)","decl":{"start":{"line":91,"column":13},"end":{"line":91,"column":14}},"loc":{"start":{"line":91,"column":20},"end":{"line":91,"column":47}},"line":91},"11":{"name":"(anonymous_11)","decl":{"start":{"line":94,"column":2},"end":{"line":94,"column":3}},"loc":{"start":{"line":94,"column":22},"end":{"line":100,"column":3}},"line":94},"12":{"name":"(anonymous_12)","decl":{"start":{"line":96,"column":12},"end":{"line":96,"column":13}},"loc":{"start":{"line":96,"column":21},"end":{"line":99,"column":7}},"line":96},"13":{"name":"(anonymous_13)","decl":{"start":{"line":102,"column":2},"end":{"line":102,"column":3}},"loc":{"start":{"line":102,"column":11},"end":{"line":117,"column":3}},"line":102}},"branchMap":{"0":{"loc":{"start":{"line":52,"column":4},"end":{"line":56,"column":5}},"type":"if","locations":[{"start":{"line":52,"column":4},"end":{"line":56,"column":5}},{"start":{"line":52,"column":4},"end":{"line":56,"column":5}}],"line":52},"1":{"loc":{"start":{"line":64,"column":4},"end":{"line":68,"column":5}},"type":"if","locations":[{"start":{"line":64,"column":4},"end":{"line":68,"column":5}},{"start":{"line":64,"column":4},"end":{"line":68,"column":5}}],"line":64},"2":{"loc":{"start":{"line":91,"column":21},"end":{"line":91,"column":46}},"type":"if","locations":[{"start":{"line":91,"column":21},"end":{"line":91,"column":46}},{"start":{"line":91,"column":21},"end":{"line":91,"column":46}}],"line":91}},"s":{"0":2,"1":2,"2":2,"3":2,"4":2,"5":2,"6":1,"7":0,"8":1,"9":1,"10":0,"11":0,"12":0,"13":0,"14":0,"15":0,"16":0,"17":0,"18":0,"19":0,"20":0,"21":0,"22":0,"23":0,"24":3},"f":{"0":2,"1":1,"2":1,"3":0,"4":0,"5":0,"6":0,"7":0,"8":0,"9":0,"10":0,"11":0,"12":0,"13":3},"b":{"0":[0,1],"1":[0,0],"2":[0,0]},"_coverageSchema":"332fd63041d2c1bcb487cc26dd0d5f7d97098a6c","hash":"3687831b0251a2b9ae2302e4397ac901ee3a8d45"}
,"/Users/victor/Desktop/wander-lodge/client/components/newModal.jsx": {"path":"/Users/victor/Desktop/wander-lodge/client/components/newModal.jsx","statementMap":{"0":{"start":{"line":6,"column":14},"end":{"line":26,"column":1}},"1":{"start":{"line":7,"column":2},"end":{"line":25,"column":3}},"2":{"start":{"line":22,"column":44},"end":{"line":22,"column":62}}},"fnMap":{"0":{"name":"(anonymous_0)","decl":{"start":{"line":6,"column":14},"end":{"line":6,"column":15}},"loc":{"start":{"line":6,"column":25},"end":{"line":26,"column":1}},"line":6},"1":{"name":"(anonymous_1)","decl":{"start":{"line":22,"column":39},"end":{"line":22,"column":40}},"loc":{"start":{"line":22,"column":44},"end":{"line":22,"column":62}},"line":22}},"branchMap":{},"s":{"0":1,"1":0,"2":0},"f":{"0":0,"1":0},"b":{},"_coverageSchema":"332fd63041d2c1bcb487cc26dd0d5f7d97098a6c","hash":"2991b3ee3f43ad9f099601a956c6c62b33931050"}
,"/Users/victor/Desktop/wander-lodge/client/components/photoGrid.jsx": {"path":"/Users/victor/Desktop/wander-lodge/client/components/photoGrid.jsx","statementMap":{"0":{"start":{"line":3,"column":18},"end":{"line":25,"column":1}},"1":{"start":{"line":5,"column":2},"end":{"line":24,"column":4}},"2":{"start":{"line":8,"column":54},"end":{"line":8,"column":71}},"3":{"start":{"line":11,"column":50},"end":{"line":11,"column":67}},"4":{"start":{"line":14,"column":50},"end":{"line":14,"column":67}},"5":{"start":{"line":17,"column":50},"end":{"line":17,"column":67}},"6":{"start":{"line":20,"column":51},"end":{"line":20,"column":68}},"7":{"start":{"line":21,"column":50},"end":{"line":21,"column":67}}},"fnMap":{"0":{"name":"(anonymous_0)","decl":{"start":{"line":3,"column":18},"end":{"line":3,"column":19}},"loc":{"start":{"line":3,"column":29},"end":{"line":25,"column":1}},"line":3},"1":{"name":"(anonymous_1)","decl":{"start":{"line":8,"column":49},"end":{"line":8,"column":50}},"loc":{"start":{"line":8,"column":54},"end":{"line":8,"column":71}},"line":8},"2":{"name":"(anonymous_2)","decl":{"start":{"line":11,"column":45},"end":{"line":11,"column":46}},"loc":{"start":{"line":11,"column":50},"end":{"line":11,"column":67}},"line":11},"3":{"name":"(anonymous_3)","decl":{"start":{"line":14,"column":45},"end":{"line":14,"column":46}},"loc":{"start":{"line":14,"column":50},"end":{"line":14,"column":67}},"line":14},"4":{"name":"(anonymous_4)","decl":{"start":{"line":17,"column":45},"end":{"line":17,"column":46}},"loc":{"start":{"line":17,"column":50},"end":{"line":17,"column":67}},"line":17},"5":{"name":"(anonymous_5)","decl":{"start":{"line":20,"column":46},"end":{"line":20,"column":47}},"loc":{"start":{"line":20,"column":51},"end":{"line":20,"column":68}},"line":20},"6":{"name":"(anonymous_6)","decl":{"start":{"line":21,"column":45},"end":{"line":21,"column":46}},"loc":{"start":{"line":21,"column":50},"end":{"line":21,"column":67}},"line":21}},"branchMap":{},"s":{"0":1,"1":2,"2":0,"3":0,"4":0,"5":0,"6":0,"7":0},"f":{"0":2,"1":0,"2":0,"3":0,"4":0,"5":0,"6":0},"b":{},"_coverageSchema":"332fd63041d2c1bcb487cc26dd0d5f7d97098a6c","hash":"007a4310ce691b1e5bcbfe54acb7aadc5362b40e"}
,"/Users/victor/Desktop/wander-lodge/client/components/slideshow.jsx": {"path":"/Users/victor/Desktop/wander-lodge/client/components/slideshow.jsx","statementMap":{"0":{"start":{"line":3,"column":18},"end":{"line":12,"column":1}},"1":{"start":{"line":4,"column":2},"end":{"line":11,"column":3}}},"fnMap":{"0":{"name":"(anonymous_0)","decl":{"start":{"line":3,"column":18},"end":{"line":3,"column":19}},"loc":{"start":{"line":3,"column":29},"end":{"line":12,"column":1}},"line":3}},"branchMap":{},"s":{"0":1,"1":0},"f":{"0":0},"b":{},"_coverageSchema":"332fd63041d2c1bcb487cc26dd0d5f7d97098a6c","hash":"609a162ee085e768395e1c8ebb0b5a16c257652c"}
,"/Users/victor/Desktop/wander-lodge/tests/setupTests.js": {"path":"/Users/victor/Desktop/wander-lodge/tests/setupTests.js","statementMap":{"0":{"start":{"line":5,"column":0},"end":{"line":5,"column":38}}},"fnMap":{},"branchMap":{},"s":{"0":1},"f":{},"b":{},"_coverageSchema":"332fd63041d2c1bcb487cc26dd0d5f7d97098a6c","hash":"f4ed4088f50650bcd8d85b1059ac69798e13fe24"}
}
