TN:
SF:/Users/victor/Desktop/wander-lodge/client/components/app.jsx
FN:7,(anonymous_0)
FN:51,(anonymous_1)
FN:58,(anonymous_2)
FN:63,(anonymous_3)
FN:70,(anonymous_4)
FN:75,(anonymous_5)
FN:79,(anonymous_6)
FN:83,(anonymous_7)
FN:85,(anonymous_8)
FN:88,(anonymous_9)
FN:91,(anonymous_10)
FN:94,(anonymous_11)
FN:96,(anonymous_12)
FN:102,(anonymous_13)
FNF:14
FNH:10
FNDA:11,(anonymous_0)
FNDA:1,(anonymous_1)
FNDA:1,(anonymous_2)
FNDA:1,(anonymous_3)
FNDA:0,(anonymous_4)
FNDA:6,(anonymous_5)
FNDA:0,(anonymous_6)
FNDA:6,(anonymous_7)
FNDA:0,(anonymous_8)
FNDA:0,(anonymous_9)
FNDA:6,(anonymous_10)
FNDA:6,(anonymous_11)
FNDA:6,(anonymous_12)
FNDA:19,(anonymous_13)
DA:8,11
DA:10,11
DA:45,11
DA:46,11
DA:47,11
DA:48,11
DA:52,1
DA:53,0
DA:58,1
DA:64,1
DA:65,1
DA:70,0
DA:76,6
DA:80,0
DA:84,6
DA:86,0
DA:89,0
DA:91,6
DA:95,6
DA:97,6
DA:98,0
DA:103,19
LF:22
LH:16
BRDA:52,0,0,0
BRDA:52,0,1,1
BRDA:64,1,0,1
BRDA:64,1,1,0
BRDA:91,2,0,6
BRDA:91,2,1,0
BRF:6
BRH:3
end_of_record
TN:
SF:/Users/victor/Desktop/wander-lodge/client/components/newModal.jsx
FN:8,(anonymous_0)
FN:24,(anonymous_1)
FNF:2
FNH:1
FNDA:12,(anonymous_0)
FNDA:0,(anonymous_1)
DA:6,1
DA:8,1
DA:9,12
DA:24,0
LF:4
LH:3
BRDA:6,0,0,0
BRDA:6,0,1,1
BRF:2
BRH:1
end_of_record
TN:
SF:/Users/victor/Desktop/wander-lodge/client/components/photoGrid.jsx
FN:3,(anonymous_0)
FN:8,(anonymous_1)
FN:11,(anonymous_2)
FN:14,(anonymous_3)
FN:17,(anonymous_4)
FN:20,(anonymous_5)
FN:21,(anonymous_6)
FNF:7
FNH:6
FNDA:16,(anonymous_0)
FNDA:1,(anonymous_1)
FNDA:1,(anonymous_2)
FNDA:1,(anonymous_3)
FNDA:1,(anonymous_4)
FNDA:0,(anonymous_5)
FNDA:1,(anonymous_6)
DA:3,1
DA:5,16
DA:8,1
DA:11,1
DA:14,1
DA:17,1
DA:20,0
DA:21,1
LF:8
LH:7
BRF:0
BRH:0
end_of_record
TN:
SF:/Users/victor/Desktop/wander-lodge/client/components/slideshow.jsx
FN:3,(anonymous_0)
FNF:1
FNH:1
FNDA:7,(anonymous_0)
DA:3,1
DA:4,7
LF:2
LH:2
BRF:0
BRH:0
end_of_record
TN:
SF:/Users/victor/Desktop/wander-lodge/tests/setupTests.js
FNF:0
FNH:0
DA:5,1
LF:1
LH:1
BRF:0
BRH:0
end_of_record
