TN:
SF:/Users/victor/Desktop/wander-lodge/client/components/app.jsx
FN:7,(anonymous_0)
FN:51,(anonymous_1)
FN:58,(anonymous_2)
FN:63,(anonymous_3)
FN:70,(anonymous_4)
FN:75,(anonymous_5)
FN:79,(anonymous_6)
FN:83,(anonymous_7)
FN:85,(anonymous_8)
FN:88,(anonymous_9)
FN:91,(anonymous_10)
FN:94,(anonymous_11)
FN:96,(anonymous_12)
FN:102,(anonymous_13)
FNF:14
FNH:4
FNDA:2,(anonymous_0)
FNDA:1,(anonymous_1)
FNDA:1,(anonymous_2)
FNDA:0,(anonymous_3)
FNDA:0,(anonymous_4)
FNDA:0,(anonymous_5)
FNDA:0,(anonymous_6)
FNDA:0,(anonymous_7)
FNDA:0,(anonymous_8)
FNDA:0,(anonymous_9)
FNDA:0,(anonymous_10)
FNDA:0,(anonymous_11)
FNDA:0,(anonymous_12)
FNDA:3,(anonymous_13)
DA:8,2
DA:10,2
DA:45,2
DA:46,2
DA:47,2
DA:48,2
DA:52,1
DA:53,0
DA:58,1
DA:64,0
DA:65,0
DA:70,0
DA:76,0
DA:80,0
DA:84,0
DA:86,0
DA:89,0
DA:91,0
DA:95,0
DA:97,0
DA:98,0
DA:103,3
LF:22
LH:9
BRDA:52,0,0,0
BRDA:52,0,1,1
BRDA:64,1,0,0
BRDA:64,1,1,0
BRDA:91,2,0,0
BRDA:91,2,1,0
BRF:6
BRH:1
end_of_record
TN:
SF:/Users/victor/Desktop/wander-lodge/client/components/newModal.jsx
FN:6,(anonymous_0)
FN:22,(anonymous_1)
FNF:2
FNH:0
FNDA:0,(anonymous_0)
FNDA:0,(anonymous_1)
DA:6,1
DA:7,0
DA:22,0
LF:3
LH:1
BRF:0
BRH:0
end_of_record
TN:
SF:/Users/victor/Desktop/wander-lodge/client/components/photoGrid.jsx
FN:3,(anonymous_0)
FN:8,(anonymous_1)
FN:11,(anonymous_2)
FN:14,(anonymous_3)
FN:17,(anonymous_4)
FN:20,(anonymous_5)
FN:21,(anonymous_6)
FNF:7
FNH:1
FNDA:2,(anonymous_0)
FNDA:0,(anonymous_1)
FNDA:0,(anonymous_2)
FNDA:0,(anonymous_3)
FNDA:0,(anonymous_4)
FNDA:0,(anonymous_5)
FNDA:0,(anonymous_6)
DA:3,1
DA:5,2
DA:8,0
DA:11,0
DA:14,0
DA:17,0
DA:20,0
DA:21,0
LF:8
LH:2
BRF:0
BRH:0
end_of_record
TN:
SF:/Users/victor/Desktop/wander-lodge/client/components/slideshow.jsx
FN:3,(anonymous_0)
FNF:1
FNH:0
FNDA:0,(anonymous_0)
DA:3,1
DA:4,0
LF:2
LH:1
BRF:0
BRH:0
end_of_record
TN:
SF:/Users/victor/Desktop/wander-lodge/tests/setupTests.js
FNF:0
FNH:0
DA:5,1
LF:1
LH:1
BRF:0
BRH:0
end_of_record
